<?xml version="1.0" encoding="UTF-8"?>
<testsuite xmlns:xsi="http://www.w3.org/2001/XMLSchema-instance" xsi:noNamespaceSchemaLocation="https://maven.apache.org/surefire/maven-surefire-plugin/xsd/surefire-test-report.xsd" name="com.example.uav.mapper.UavMapperTest" time="1.007" tests="5" errors="0" skipped="0" failures="0">
  <properties>
[...]
</properties>
  <testcase name="should_returnNull_when_uavCodeNotExists" classname="com.example.uav.mapper.UavMapperTest" time="0.08"/>
  <testcase name="should_insertAndSelectById_when_uavIsValid" classname="com.example.uav.mapper.UavMapperTest" time="0.018"/>
  <testcase name="should_returnNull_when_selectingDeletedUav" classname="com.example.uav.mapper.UavMapperTest" time="0.008"/>
  <testcase name="should_returnMatchingList_when_queryByModel" classname="com.example.uav.mapper.UavMapperTest" time="0.046"/>
  <testcase name="should_selectByUavCode_when_codeExists" classname="com.example.uav.mapper.UavMapperTest" time="0.006"/>
</testsuite>