<?xml version="1.0" encoding="UTF-8"?>
<testsuite xmlns:xsi="http://www.w3.org/2001/XMLSchema-instance" xsi:noNamespaceSchemaLocation="https://maven.apache.org/surefire/maven-surefire-plugin/xsd/surefire-test-report.xsd" name="com.drone.controller.DroneControllerTest" time="3.305" tests="6" errors="0" skipped="0" failures="0">
  <properties>
[...]
</properties>
  <testcase name="should_return200_when_createValid" classname="com.drone.controller.DroneControllerTest" time="0.256"/>
  <testcase name="should_returnGeneratedDto_when_aiGenerate" classname="com.drone.controller.DroneControllerTest" time="0.005"/>
  <testcase name="should_return401_when_badCredentials" classname="com.drone.controller.DroneControllerTest" time="0.016"/>
  <testcase name="should_return200WithPage_when_listCalled" classname="com.drone.controller.DroneControllerTest" time="0.01"/>
  <testcase name="should_return200_when_deleteSuccess" classname="com.drone.controller.DroneControllerTest" time="0.004"/>
  <testcase name="should_return200_when_droneExists" classname="com.drone.controller.DroneControllerTest" time="0.002"/>
</testsuite>